
> anilist-trakt-sync@ dev /app
> next dev

▲ Next.js 16.1.6 (Turbopack)
- Local:         http://localhost:3000
- Network:       http://192.168.0.2:3000

✓ Starting...
Attention: Next.js now collects completely anonymous telemetry regarding usage.
This information is used to shape Next.js' roadmap and prioritize features.
You can learn more, including how to opt-out if you'd not like to participate in this anonymous program, by visiting the following URL:
https://nextjs.org/telemetry

✓ Ready in 932ms
○ Compiling /manual ...
⚠ [next]/internal/font/google/inter_b006827b.module.css
Error while requesting resource
There was an issue establishing a connection while requesting https://fonts.googleapis.com/css2?family=Inter:wght@100..900&display=swap

Import trace:
  Server Component:
    [next]/internal/font/google/inter_b006827b.module.css
    [next]/internal/font/google/inter_b006827b.js
    ./app/layout.jsx


⚠ [next]/internal/font/google/inter_b006827b.module.css
next/font: warning:
Failed to download `Inter` from Google Fonts. Using fallback font instead.

Import trace:
  Server Component:
    [next]/internal/font/google/inter_b006827b.module.css
    [next]/internal/font/google/inter_b006827b.js
    ./app/layout.jsx


 GET /manual 200 in 14.0s (compile: 13.6s, render: 358ms)
⚠ [next]/internal/font/google/inter_b006827b.module.css
Error while requesting resource
There was an issue establishing a connection while requesting https://fonts.googleapis.com/css2?family=Inter:wght@100..900&display=swap

Import trace:
  Server Component:
    [next]/internal/font/google/inter_b006827b.module.css
    [next]/internal/font/google/inter_b006827b.js
    ./app/layout.jsx


⚠ [next]/internal/font/google/inter_b006827b.module.css
next/font: warning:
Failed to download `Inter` from Google Fonts. Using fallback font instead.

Import trace:
  Server Component:
    [next]/internal/font/google/inter_b006827b.module.css
    [next]/internal/font/google/inter_b006827b.js
    ./app/layout.jsx


⚠ [next]/internal/font/google/inter_b006827b.module.css
Error while requesting resource
There was an issue establishing a connection while requesting https://fonts.googleapis.com/css2?family=Inter:wght@100..900&display=swap

Import trace:
  Server Component:
    [next]/internal/font/google/inter_b006827b.module.css
    [next]/internal/font/google/inter_b006827b.js
    ./app/layout.jsx


⚠ [next]/internal/font/google/inter_b006827b.module.css
next/font: warning:
Failed to download `Inter` from Google Fonts. Using fallback font instead.

Import trace:
  Server Component:
    [next]/internal/font/google/inter_b006827b.module.css
    [next]/internal/font/google/inter_b006827b.js
    ./app/layout.jsx


 POST /api/manual-map 400 in 805ms (compile: 774ms, render: 31ms)
⚠ [next]/internal/font/google/inter_b006827b.module.css
Error while requesting resource
There was an issue establishing a connection while requesting https://fonts.googleapis.com/css2?family=Inter:wght@100..900&display=swap

Import trace:
  Server Component:
    [next]/internal/font/google/inter_b006827b.module.css
    [next]/internal/font/google/inter_b006827b.js
    ./app/layout.jsx


⚠ [next]/internal/font/google/inter_b006827b.module.css
next/font: warning:
Failed to download `Inter` from Google Fonts. Using fallback font instead.

Import trace:
  Server Component:
    [next]/internal/font/google/inter_b006827b.module.css
    [next]/internal/font/google/inter_b006827b.js
    ./app/layout.jsx


 GET /manual 200 in 517ms (compile: 251ms, render: 266ms)
⚠ [next]/internal/font/google/inter_b006827b.module.css
Error while requesting resource
There was an issue establishing a connection while requesting https://fonts.googleapis.com/css2?family=Inter:wght@100..900&display=swap

Import trace:
  Server Component:
    [next]/internal/font/google/inter_b006827b.module.css
    [next]/internal/font/google/inter_b006827b.js
    ./app/layout.jsx


⚠ [next]/internal/font/google/inter_b006827b.module.css
next/font: warning:
Failed to download `Inter` from Google Fonts. Using fallback font instead.

Import trace:
  Server Component:
    [next]/internal/font/google/inter_b006827b.module.css
    [next]/internal/font/google/inter_b006827b.js
    ./app/layout.jsx


⚠ [next]/internal/font/google/inter_b006827b.module.css
Error while requesting resource
There was an issue establishing a connection while requesting https://fonts.googleapis.com/css2?family=Inter:wght@100..900&display=swap

Import trace:
  Server Component:
    [next]/internal/font/google/inter_b006827b.module.css
    [next]/internal/font/google/inter_b006827b.js
    ./app/layout.jsx


⚠ [next]/internal/font/google/inter_b006827b.module.css
next/font: warning:
Failed to download `Inter` from Google Fonts. Using fallback font instead.

Import trace:
  Server Component:
    [next]/internal/font/google/inter_b006827b.module.css
    [next]/internal/font/google/inter_b006827b.js
    ./app/layout.jsx


 GET /manual 200 in 80ms (compile: 7ms, render: 73ms)
⚠ [next]/internal/font/google/inter_b006827b.module.css
Error while requesting resource
There was an issue establishing a connection while requesting https://fonts.googleapis.com/css2?family=Inter:wght@100..900&display=swap

Import trace:
  Server Component:
    [next]/internal/font/google/inter_b006827b.module.css
    [next]/internal/font/google/inter_b006827b.js
    ./app/layout.jsx


⚠ [next]/internal/font/google/inter_b006827b.module.css
next/font: warning:
Failed to download `Inter` from Google Fonts. Using fallback font instead.

Import trace:
  Server Component:
    [next]/internal/font/google/inter_b006827b.module.css
    [next]/internal/font/google/inter_b006827b.js
    ./app/layout.jsx


⚠ [next]/internal/font/google/inter_b006827b.module.css
Error while requesting resource
There was an issue establishing a connection while requesting https://fonts.googleapis.com/css2?family=Inter:wght@100..900&display=swap

Import trace:
  Server Component:
    [next]/internal/font/google/inter_b006827b.module.css
    [next]/internal/font/google/inter_b006827b.js
    ./app/layout.jsx


⚠ [next]/internal/font/google/inter_b006827b.module.css
next/font: warning:
Failed to download `Inter` from Google Fonts. Using fallback font instead.

Import trace:
  Server Component:
    [next]/internal/font/google/inter_b006827b.module.css
    [next]/internal/font/google/inter_b006827b.js
    ./app/layout.jsx


 POST /api/manual-map 200 in 14ms (compile: 5ms, render: 9ms)
⚠ [next]/internal/font/google/inter_b006827b.module.css
Error while requesting resource
There was an issue establishing a connection while requesting https://fonts.googleapis.com/css2?family=Inter:wght@100..900&display=swap

Import trace:
  Server Component:
    [next]/internal/font/google/inter_b006827b.module.css
    [next]/internal/font/google/inter_b006827b.js
    ./app/layout.jsx


⚠ [next]/internal/font/google/inter_b006827b.module.css
next/font: warning:
Failed to download `Inter` from Google Fonts. Using fallback font instead.

Import trace:
  Server Component:
    [next]/internal/font/google/inter_b006827b.module.css
    [next]/internal/font/google/inter_b006827b.js
    ./app/layout.jsx


 GET /manual 200 in 1689ms (compile: 730ms, render: 959ms)
⚠ [next]/internal/font/google/inter_b006827b.module.css
Error while requesting resource
There was an issue establishing a connection while requesting https://fonts.googleapis.com/css2?family=Inter:wght@100..900&display=swap

Import trace:
  Server Component:
    [next]/internal/font/google/inter_b006827b.module.css
    [next]/internal/font/google/inter_b006827b.js
    ./app/layout.jsx


⚠ [next]/internal/font/google/inter_b006827b.module.css
next/font: warning:
Failed to download `Inter` from Google Fonts. Using fallback font instead.

Import trace:
  Server Component:
    [next]/internal/font/google/inter_b006827b.module.css
    [next]/internal/font/google/inter_b006827b.js
    ./app/layout.jsx


⚠ [next]/internal/font/google/inter_b006827b.module.css
Error while requesting resource
There was an issue establishing a connection while requesting https://fonts.googleapis.com/css2?family=Inter:wght@100..900&display=swap

Import trace:
  Server Component:
    [next]/internal/font/google/inter_b006827b.module.css
    [next]/internal/font/google/inter_b006827b.js
    ./app/layout.jsx


⚠ [next]/internal/font/google/inter_b006827b.module.css
next/font: warning:
Failed to download `Inter` from Google Fonts. Using fallback font instead.

Import trace:
  Server Component:
    [next]/internal/font/google/inter_b006827b.module.css
    [next]/internal/font/google/inter_b006827b.js
    ./app/layout.jsx


 POST /api/manual-map 200 in 23ms (compile: 11ms, render: 12ms)
⚠ [next]/internal/font/google/inter_b006827b.module.css
Error while requesting resource
There was an issue establishing a connection while requesting https://fonts.googleapis.com/css2?family=Inter:wght@100..900&display=swap

Import trace:
  Server Component:
    [next]/internal/font/google/inter_b006827b.module.css
    [next]/internal/font/google/inter_b006827b.js
    ./app/layout.jsx


⚠ [next]/internal/font/google/inter_b006827b.module.css
next/font: warning:
Failed to download `Inter` from Google Fonts. Using fallback font instead.

Import trace:
  Server Component:
    [next]/internal/font/google/inter_b006827b.module.css
    [next]/internal/font/google/inter_b006827b.js
    ./app/layout.jsx


 GET /manual 200 in 1871ms (compile: 592ms, render: 1279ms)
⚠ [next]/internal/font/google/inter_b006827b.module.css
Error while requesting resource
There was an issue establishing a connection while requesting https://fonts.googleapis.com/css2?family=Inter:wght@100..900&display=swap

Import trace:
  Server Component:
    [next]/internal/font/google/inter_b006827b.module.css
    [next]/internal/font/google/inter_b006827b.js
    ./app/layout.jsx


⚠ [next]/internal/font/google/inter_b006827b.module.css
next/font: warning:
Failed to download `Inter` from Google Fonts. Using fallback font instead.

Import trace:
  Server Component:
    [next]/internal/font/google/inter_b006827b.module.css
    [next]/internal/font/google/inter_b006827b.js
    ./app/layout.jsx


⚠ [next]/internal/font/google/inter_b006827b.module.css
Error while requesting resource
There was an issue establishing a connection while requesting https://fonts.googleapis.com/css2?family=Inter:wght@100..900&display=swap

Import trace:
  Server Component:
    [next]/internal/font/google/inter_b006827b.module.css
    [next]/internal/font/google/inter_b006827b.js
    ./app/layout.jsx


⚠ [next]/internal/font/google/inter_b006827b.module.css
next/font: warning:
Failed to download `Inter` from Google Fonts. Using fallback font instead.

Import trace:
  Server Component:
    [next]/internal/font/google/inter_b006827b.module.css
    [next]/internal/font/google/inter_b006827b.js
    ./app/layout.jsx


 POST /api/manual-map 200 in 29ms (compile: 14ms, render: 15ms)
